


materialPath: C:\Program Files (x86)\Steam\steamapps\common\GarrysMod\garrysmod\materials
Loading C:\Users\Jacek\Documents\rp_eastblock.vmf
Could not locate 'GameData' key in c:\program files (x86)\steam\steamapps\common\garrysmod\garrysmod\gameinfo.txt
fixing up env_cubemap materials on brush sides...
0...1...2...3...4...5...6...7...8...9...100...1...2...3...4...5...6...7...8...9...10Processing areas...done (0)
Building Faces...done (0)
FixTjuncs...
PruneNodes...
WriteBSP...
done (0)
writing C:\Users\Jacek\Documents\rp_eastblock.prt...Building visibility clusters...
done (0)
Creating default LDR cubemaps for env_cubemap using skybox materials:
   skybox/sky_day01_01*.vmt
 ! Run buildcubemaps in the engine to get the correct cube maps.
Creating default HDR cubemaps for env_cubemap using skybox materials:
   skybox/sky_day01_01*.vmt
 ! Run buildcubemaps in the engine to get the correct cube maps.
Finding displacement neighbors...
Finding lightmap sample positions...
Displacement Alpha : 0...1...2...3...4...5...6...7...8...9...10
Building Physics collision data...
done (0) (6414 bytes)
Placing detail props : 0...1...2...3...4...5...6...7...8...9...10
Compacting texture/material tables...
Reduced 14 texinfos to 11
Reduced 4 texdatas to 4 (83 bytes to 83)
Writing C:\Users\Jacek\Documents\rp_eastblock.bsp
0 seconds elapsed



4 threads
reading c:\users\jacek\documents\rp_eastblock.bsp
reading c:\users\jacek\documents\rp_eastblock.prt
  93 portalclusters
 249 numportals
0...1...2...3...4...5...6...7...8...9...100...1...2...3...4...5...6...7...8...9...10Optimized: 0 visible clusters (0.00%)
Total clusters visible: 6481
Average clusters visible: 69
Building PAS...
Average clusters audible: 93
visdatasize:2982  compressed from 2976
writing c:\users\jacek\documents\rp_eastblock.bsp
0 seconds elapsed



[Reading texlights from 'lights.rad']
[45 texlights parsed from 'lights.rad']

Loading c:\users\jacek\documents\rp_eastblock.bsp
316 faces
772018 square feet [111170600.00 square inches]
0 Displacements
0 Square Feet [0.00 Square Inches]
316 patches before subdivision
20688 patches after subdivision
0 direct lights
0...1...2...3...4...5...6...7...8...9...100...1...2...3...4...5...6...7...8...9...10transfers 171736, max 261
transfer lists:   1.3 megs
0...1...2...3...4...5...6...7...8...9...10	Bounce #1 added RGB(0, 0, 0)
Build Patch/Sample Hash Table(s).....Done<0.0044 sec>
0...1...2...3...4...5...6...7...8...9...10FinalLightFace Done
0 of 0 (0% of) surface lights went in leaf ambient cubes.
0...1...2...3...4...5...6...7...8...9...10Writing leaf ambient...done
Ready to Finish

Object names       Objects/Maxobjs  Memory / Maxmem  Fullness 
------------       ---------------  ---------------  -------- 
models                   1/1024           48/49152    ( 0.1%) 
brushes                 17/8192          204/98304    ( 0.2%) 
brushsides             102/65536         816/524288   ( 0.2%) 
planes                 100/65536        2000/1310720  ( 0.2%) 
vertexes               398/65536        4776/786432   ( 0.6%) 
nodes                  221/65536        7072/2097152  ( 0.3%) 
texinfos                11/12288         792/884736   ( 0.1%) 
texdata                  4/2048          128/65536    ( 0.2%) 
dispinfos                0/0               0/0        ( 0.0%) 
disp_verts               0/0               0/0        ( 0.0%) 
disp_tris                0/0               0/0        ( 0.0%) 
disp_lmsamples           0/0               0/0        ( 0.0%) 
faces                  316/65536       17696/3670016  ( 0.5%) 
hdr faces                0/65536           0/3670016  ( 0.0%) 
origfaces               55/65536        3080/3670016  ( 0.1%) 
leaves                 223/65536        7136/2097152  ( 0.3%) 
leaffaces              364/65536         728/131072   ( 0.6%) 
leafbrushes            112/65536         224/131072   ( 0.2%) 
areas                    2/256            16/2048     ( 0.8%) 
surfedges             1584/512000       6336/2048000  ( 0.3%) 
edges                  831/256000       3324/1024000  ( 0.3%) 
LDR worldlights          0/8192            0/720896   ( 0.0%) 
HDR worldlights          0/8192            0/720896   ( 0.0%) 
leafwaterdata            0/32768           0/393216   ( 0.0%) 
waterstrips              9/32768          90/327680   ( 0.0%) 
waterverts               0/65536           0/786432   ( 0.0%) 
waterindices           114/65536         228/131072   ( 0.2%) 
cubemapsamples           0/1024            0/16384    ( 0.0%) 
overlays                 0/512             0/180224   ( 0.0%) 
LDR lightdata         [variable]      683896/0        ( 0.0%) 
HDR lightdata         [variable]           0/0        ( 0.0%) 
visdata               [variable]        2982/16777216 ( 0.0%) 
entdata               [variable]         421/393216   ( 0.1%) 
LDR ambient table      223/65536         892/262144   ( 0.3%) 
HDR ambient table      223/65536         892/262144   ( 0.3%) 
LDR leaf ambient        93/65536        2604/1835008  ( 0.1%) 
HDR leaf ambient       223/65536        6244/1835008  ( 0.3%) 
occluders                0/0               0/0        ( 0.0%) 
occluder polygons        0/0               0/0        ( 0.0%) 
occluder vert ind        0/0               0/0        ( 0.0%) 
detail props          [variable]           1/12       ( 8.3%) 
static props          [variable]           1/12       ( 8.3%) 
pakfile               [variable]      105679/0        ( 0.0%) 
physics               [variable]        6414/4194304  ( 0.2%) 
physics terrain       [variable]           2/1048576  ( 0.0%) 

Level flags = 0

Total triangle count: 732
Writing c:\users\jacek\documents\rp_eastblock.bsp
1 second elapsed



materialPath: C:\Program Files (x86)\Steam\steamapps\common\GarrysMod\garrysmod\materials
Loading C:\Users\Jacek\Documents\rp_eastblock.vmf
Could not locate 'GameData' key in c:\program files (x86)\steam\steamapps\common\garrysmod\garrysmod\gameinfo.txt
fixing up env_cubemap materials on brush sides...
0...1...2...3...4...5...6...7...8...9...100...1...2...3...4...5...6...7...8...9...10Processing areas...done (0)
Building Faces...done (0)
FixTjuncs...
PruneNodes...
WriteBSP...
done (0)
writing C:\Users\Jacek\Documents\rp_eastblock.prt...Building visibility clusters...
done (0)
Creating default LDR cubemaps for env_cubemap using skybox materials:
   skybox/sky_day01_01*.vmt
 ! Run buildcubemaps in the engine to get the correct cube maps.
Creating default HDR cubemaps for env_cubemap using skybox materials:
   skybox/sky_day01_01*.vmt
 ! Run buildcubemaps in the engine to get the correct cube maps.
Finding displacement neighbors...
Finding lightmap sample positions...
Displacement Alpha : 0...1...2...3...4...5...6...7...8...9...10
Building Physics collision data...
done (0) (3099 bytes)
Placing detail props : 0...1...2...3...4...5...6...7...8...9...10
Compacting texture/material tables...
Reduced 9 texinfos to 7
Reduced 3 texdatas to 3 (58 bytes to 58)
Writing C:\Users\Jacek\Documents\rp_eastblock.bsp
0 seconds elapsed



4 threads
reading c:\users\jacek\documents\rp_eastblock.bsp
reading c:\users\jacek\documents\rp_eastblock.prt
  38 portalclusters
  72 numportals
0...1...2...3...4...5...6...7...8...9...100...1...2...3...4...5...6...7...8...9...10Optimized: 0 visible clusters (0.00%)
Total clusters visible: 1436
Average clusters visible: 37
Building PAS...
Average clusters audible: 38
visdatasize:688  compressed from 608
writing c:\users\jacek\documents\rp_eastblock.bsp
0 seconds elapsed



[Reading texlights from 'lights.rad']
[45 texlights parsed from 'lights.rad']

Loading c:\users\jacek\documents\rp_eastblock.bsp
146 faces
457045 square feet [65814528.00 square inches]
0 Displacements
0 Square Feet [0.00 Square Inches]
146 patches before subdivision
5376 patches after subdivision
0 direct lights
0...1...2...3...4...5...6...7...8...9...100...1...2...3...4...5...6...7...8...9...10transfers 2619, max 86
transfer lists:   0.0 megs
0...1...2...3...4...5...6...7...8...9...10	Bounce #1 added RGB(0, 0, 0)
Build Patch/Sample Hash Table(s).....Done<0.0013 sec>
0...1...2...3...4...5...6...7...8...9...10FinalLightFace Done
0 of 0 (0% of) surface lights went in leaf ambient cubes.
0...1...2...3...4...5...6...7...8...9...10Writing leaf ambient...done
Ready to Finish

Object names       Objects/Maxobjs  Memory / Maxmem  Fullness 
------------       ---------------  ---------------  -------- 
models                   1/1024           48/49152    ( 0.1%) 
brushes                  8/8192           96/98304    ( 0.1%) 
brushsides              48/65536         384/524288   ( 0.1%) 
planes                  64/65536        1280/1310720  ( 0.1%) 
vertexes               203/65536        2436/786432   ( 0.3%) 
nodes                   98/65536        3136/2097152  ( 0.1%) 
texinfos                 7/12288         504/884736   ( 0.1%) 
texdata                  3/2048           96/65536    ( 0.1%) 
dispinfos                0/0               0/0        ( 0.0%) 
disp_verts               0/0               0/0        ( 0.0%) 
disp_tris                0/0               0/0        ( 0.0%) 
disp_lmsamples           0/0               0/0        ( 0.0%) 
faces                  146/65536        8176/3670016  ( 0.2%) 
hdr faces                0/65536           0/3670016  ( 0.0%) 
origfaces               16/65536         896/3670016  ( 0.0%) 
leaves                 100/65536        3200/2097152  ( 0.2%) 
leaffaces              185/65536         370/131072   ( 0.3%) 
leafbrushes             81/65536         162/131072   ( 0.1%) 
areas                    2/256            16/2048     ( 0.8%) 
surfedges              716/512000       2864/2048000  ( 0.1%) 
edges                  375/256000       1500/1024000  ( 0.1%) 
LDR worldlights          0/8192            0/720896   ( 0.0%) 
HDR worldlights          0/8192            0/720896   ( 0.0%) 
leafwaterdata            0/32768           0/393216   ( 0.0%) 
waterstrips              9/32768          90/327680   ( 0.0%) 
waterverts               0/65536           0/786432   ( 0.0%) 
waterindices           120/65536         240/131072   ( 0.2%) 
cubemapsamples           0/1024            0/16384    ( 0.0%) 
overlays                 0/512             0/180224   ( 0.0%) 
LDR lightdata         [variable]      119968/0        ( 0.0%) 
HDR lightdata         [variable]           0/0        ( 0.0%) 
visdata               [variable]         688/16777216 ( 0.0%) 
entdata               [variable]        1026/393216   ( 0.3%) 
LDR ambient table      100/65536         400/262144   ( 0.2%) 
HDR ambient table      100/65536         400/262144   ( 0.2%) 
LDR leaf ambient        38/65536        1064/1835008  ( 0.1%) 
HDR leaf ambient       100/65536        2800/1835008  ( 0.2%) 
occluders                0/0               0/0        ( 0.0%) 
occluder polygons        0/0               0/0        ( 0.0%) 
occluder vert ind        0/0               0/0        ( 0.0%) 
detail props          [variable]           1/12       ( 8.3%) 
static props          [variable]           1/12       ( 8.3%) 
pakfile               [variable]      105679/0        ( 0.0%) 
physics               [variable]        3099/4194304  ( 0.1%) 
physics terrain       [variable]           2/1048576  ( 0.0%) 

Level flags = 0

Total triangle count: 360
Writing c:\users\jacek\documents\rp_eastblock.bsp
0 seconds elapsed



materialPath: C:\Program Files (x86)\Steam\steamapps\common\GarrysMod\garrysmod\materials
Loading C:\Users\Jacek\Documents\rp_eastblock.vmf
Could not locate 'GameData' key in c:\program files (x86)\steam\steamapps\common\garrysmod\garrysmod\gameinfo.txt
fixing up env_cubemap materials on brush sides...
0...1...2...3...4...5...6...7...8...9...100...1...2...3...4...5...6...7...8...9...10Processing areas...done (0)
Building Faces...done (0)
FixTjuncs...
PruneNodes...
WriteBSP...
done (0)
writing C:\Users\Jacek\Documents\rp_eastblock.prt...Building visibility clusters...
done (0)
Creating default LDR cubemaps for env_cubemap using skybox materials:
   skybox/sky_day01_01*.vmt
 ! Run buildcubemaps in the engine to get the correct cube maps.
Creating default HDR cubemaps for env_cubemap using skybox materials:
   skybox/sky_day01_01*.vmt
 ! Run buildcubemaps in the engine to get the correct cube maps.
Finding displacement neighbors...
Finding lightmap sample positions...
Displacement Alpha : 0...1...2...3...4...5...6...7...8...9...10
Building Physics collision data...
done (0) (5430 bytes)
Placing detail props : 0...1...2...3...4...5...6...7...8...9...10
Compacting texture/material tables...
Reduced 21 texinfos to 16
Reduced 6 texdatas to 5 (158 bytes to 107)
Writing C:\Users\Jacek\Documents\rp_eastblock.bsp
0 seconds elapsed



4 threads
reading c:\users\jacek\documents\rp_eastblock.bsp
reading c:\users\jacek\documents\rp_eastblock.prt
  57 portalclusters
 137 numportals
0...1...2...3...4...5...6...7...8...9...100...1...2...3...4...5...6...7...8...9...10Optimized: 0 visible clusters (0.00%)
Total clusters visible: 2445
Average clusters visible: 42
Building PAS...
Average clusters audible: 57
visdatasize:1388  compressed from 912
writing c:\users\jacek\documents\rp_eastblock.bsp
0 seconds elapsed



[Reading texlights from 'lights.rad']
[45 texlights parsed from 'lights.rad']

Loading c:\users\jacek\documents\rp_eastblock.bsp
196 faces
456482 square feet [65733424.00 square inches]
0 Displacements
0 Square Feet [0.00 Square Inches]
196 patches before subdivision
6484 patches after subdivision
0 direct lights
0...1...2...3...4...5...6...7...8...9...100...1...2...3...4...5...6...7...8...9...10transfers 43678, max 157
transfer lists:   0.3 megs
0...1...2...3...4...5...6...7...8...9...10	Bounce #1 added RGB(0, 0, 0)
Build Patch/Sample Hash Table(s).....Done<0.0012 sec>
0...1...2...3...4...5...6...7...8...9...10FinalLightFace Done
0 of 0 (0% of) surface lights went in leaf ambient cubes.
0...1...2...3...4...5...6...7...8...9...10Writing leaf ambient...done
Ready to Finish

Object names       Objects/Maxobjs  Memory / Maxmem  Fullness 
------------       ---------------  ---------------  -------- 
models                   1/1024           48/49152    ( 0.1%) 
brushes                 14/8192          168/98304    ( 0.2%) 
brushsides              86/65536         688/524288   ( 0.1%) 
planes                  96/65536        1920/1310720  ( 0.1%) 
vertexes               301/65536        3612/786432   ( 0.5%) 
nodes                  137/65536        4384/2097152  ( 0.2%) 
texinfos                16/12288        1152/884736   ( 0.1%) 
texdata                  5/2048          160/65536    ( 0.2%) 
dispinfos                0/0               0/0        ( 0.0%) 
disp_verts               0/0               0/0        ( 0.0%) 
disp_tris                0/0               0/0        ( 0.0%) 
disp_lmsamples           0/0               0/0        ( 0.0%) 
faces                  196/65536       10976/3670016  ( 0.3%) 
hdr faces                0/65536           0/3670016  ( 0.0%) 
origfaces               40/65536        2240/3670016  ( 0.1%) 
leaves                 139/65536        4448/2097152  ( 0.2%) 
leaffaces              228/65536         456/131072   ( 0.3%) 
leafbrushes            111/65536         222/131072   ( 0.2%) 
areas                    2/256            16/2048     ( 0.8%) 
surfedges             1068/512000       4272/2048000  ( 0.2%) 
edges                  569/256000       2276/1024000  ( 0.2%) 
LDR worldlights          0/8192            0/720896   ( 0.0%) 
HDR worldlights          0/8192            0/720896   ( 0.0%) 
leafwaterdata            0/32768           0/393216   ( 0.0%) 
waterstrips             28/32768         280/327680   ( 0.1%) 
waterverts               0/65536           0/786432   ( 0.0%) 
waterindices           351/65536         702/131072   ( 0.5%) 
cubemapsamples           0/1024            0/16384    ( 0.0%) 
overlays                 0/512             0/180224   ( 0.0%) 
LDR lightdata         [variable]      171300/0        ( 0.0%) 
HDR lightdata         [variable]           0/0        ( 0.0%) 
visdata               [variable]        1388/16777216 ( 0.0%) 
entdata               [variable]        2769/393216   ( 0.7%) 
LDR ambient table      139/65536         556/262144   ( 0.2%) 
HDR ambient table      139/65536         556/262144   ( 0.2%) 
LDR leaf ambient        57/65536        1596/1835008  ( 0.1%) 
HDR leaf ambient       139/65536        3892/1835008  ( 0.2%) 
occluders                0/0               0/0        ( 0.0%) 
occluder polygons        0/0               0/0        ( 0.0%) 
occluder vert ind        0/0               0/0        ( 0.0%) 
detail props          [variable]           1/12       ( 8.3%) 
static props          [variable]           1/12       ( 8.3%) 
pakfile               [variable]      211608/0        ( 0.0%) 
physics               [variable]        5430/4194304  ( 0.1%) 
physics terrain       [variable]           2/1048576  ( 0.0%) 

Level flags = 0

Total triangle count: 516
Writing c:\users\jacek\documents\rp_eastblock.bsp
0 seconds elapsed



materialPath: C:\Program Files (x86)\Steam\steamapps\common\GarrysMod\garrysmod\materials
Loading C:\Users\Jacek\Documents\rp_eastblock.vmf
Could not locate 'GameData' key in c:\program files (x86)\steam\steamapps\common\garrysmod\garrysmod\gameinfo.txt
fixing up env_cubemap materials on brush sides...
0...1...2...3...4...5...6...7...8...9...100...1...2...3...4...5...6...7...8...9...10Processing areas...done (0)
Building Faces...done (0)
FixTjuncs...
PruneNodes...
WriteBSP...
done (0)
writing C:\Users\Jacek\Documents\rp_eastblock.prt...Building visibility clusters...
done (0)
Creating default LDR cubemaps for env_cubemap using skybox materials:
   skybox/sky_day01_01*.vmt
 ! Run buildcubemaps in the engine to get the correct cube maps.
Creating default HDR cubemaps for env_cubemap using skybox materials:
   skybox/sky_day01_01*.vmt
 ! Run buildcubemaps in the engine to get the correct cube maps.
Finding displacement neighbors...
Finding lightmap sample positions...
Displacement Alpha : 0...1...2...3...4...5...6...7...8...9...10
Building Physics collision data...
done (0) (7246 bytes)
Placing detail props : 0...1...2...3...4...5...6...7...8...9...10
Compacting texture/material tables...
Reduced 30 texinfos to 23
Reduced 7 texdatas to 6 (184 bytes to 133)
Writing C:\Users\Jacek\Documents\rp_eastblock.bsp
0 seconds elapsed



4 threads
reading c:\users\jacek\documents\rp_eastblock.bsp
reading c:\users\jacek\documents\rp_eastblock.prt
  91 portalclusters
 251 numportals
0...1...2...3...4...5...6...7...8...9...100...1...2...3...4...5...6...7...8...9...10Optimized: 6 visible clusters (0.08%)
Total clusters visible: 7357
Average clusters visible: 80
Building PAS...
Average clusters audible: 91
visdatasize:2918  compressed from 2912
writing c:\users\jacek\documents\rp_eastblock.bsp
0 seconds elapsed



[Reading texlights from 'lights.rad']
[45 texlights parsed from 'lights.rad']

Loading c:\users\jacek\documents\rp_eastblock.bsp
355 faces
536183 square feet [77210488.00 square inches]
0 Displacements
0 Square Feet [0.00 Square Inches]
355 patches before subdivision
17193 patches after subdivision
0 direct lights
0...1...2...3...4...5...6...7...8...9...100...1...2...3...4...5...6...7...8...9...10transfers 554996, max 239
transfer lists:   4.2 megs
0...1...2...3...4...5...6...7...8...9...10	Bounce #1 added RGB(0, 0, 0)
Build Patch/Sample Hash Table(s).....Done<0.0047 sec>
0...1...2...3...4...5...6...7...8...9...10FinalLightFace Done
0 of 0 (0% of) surface lights went in leaf ambient cubes.
0...1...2...3...4...5...6...7...8...9...10Writing leaf ambient...done
Ready to Finish

Object names       Objects/Maxobjs  Memory / Maxmem  Fullness 
------------       ---------------  ---------------  -------- 
models                   1/1024           48/49152    ( 0.1%) 
brushes                 19/8192          228/98304    ( 0.2%) 
brushsides             116/65536         928/524288   ( 0.2%) 
planes                 126/65536        2520/1310720  ( 0.2%) 
vertexes               507/65536        6084/786432   ( 0.8%) 
nodes                  236/65536        7552/2097152  ( 0.4%) 
texinfos                23/12288        1656/884736   ( 0.2%) 
texdata                  6/2048          192/65536    ( 0.3%) 
dispinfos                0/0               0/0        ( 0.0%) 
disp_verts               0/0               0/0        ( 0.0%) 
disp_tris                0/0               0/0        ( 0.0%) 
disp_lmsamples           0/0               0/0        ( 0.0%) 
faces                  355/65536       19880/3670016  ( 0.5%) 
hdr faces                0/65536           0/3670016  ( 0.0%) 
origfaces               53/65536        2968/3670016  ( 0.1%) 
leaves                 238/65536        7616/2097152  ( 0.4%) 
leaffaces              407/65536         814/131072   ( 0.6%) 
leafbrushes            185/65536         370/131072   ( 0.3%) 
areas                    2/256            16/2048     ( 0.8%) 
surfedges             1814/512000       7256/2048000  ( 0.4%) 
edges                  950/256000       3800/1024000  ( 0.4%) 
LDR worldlights          0/8192            0/720896   ( 0.0%) 
HDR worldlights          0/8192            0/720896   ( 0.0%) 
leafwaterdata            0/32768           0/393216   ( 0.0%) 
waterstrips             22/32768         220/327680   ( 0.1%) 
waterverts               0/65536           0/786432   ( 0.0%) 
waterindices           291/65536         582/131072   ( 0.4%) 
cubemapsamples           0/1024            0/16384    ( 0.0%) 
overlays                 0/512             0/180224   ( 0.0%) 
LDR lightdata         [variable]      872736/0        ( 0.0%) 
HDR lightdata         [variable]           0/0        ( 0.0%) 
visdata               [variable]        2918/16777216 ( 0.0%) 
entdata               [variable]        5252/393216   ( 1.3%) 
LDR ambient table      238/65536         952/262144   ( 0.4%) 
HDR ambient table      238/65536         952/262144   ( 0.4%) 
LDR leaf ambient        91/65536        2548/1835008  ( 0.1%) 
HDR leaf ambient       238/65536        6664/1835008  ( 0.4%) 
occluders                0/0               0/0        ( 0.0%) 
occluder polygons        0/0               0/0        ( 0.0%) 
occluder vert ind        0/0               0/0        ( 0.0%) 
detail props          [variable]           1/12       ( 8.3%) 
static props          [variable]           1/12       ( 8.3%) 
pakfile               [variable]      211608/0        ( 0.0%) 
physics               [variable]        7246/4194304  ( 0.2%) 
physics terrain       [variable]           2/1048576  ( 0.0%) 

Level flags = 0

Total triangle count: 892
Writing c:\users\jacek\documents\rp_eastblock.bsp
1 second elapsed



materialPath: C:\Program Files (x86)\Steam\steamapps\common\GarrysMod\garrysmod\materials
Loading C:\Users\Jacek\Documents\GitHub\slavblock\map\rp_eastblock.vmf
ConVarRef mat_reduceparticles doesn't point to an existing ConVar
Could not locate 'GameData' key in c:\program files (x86)\steam\steamapps\common\garrysmod\garrysmod\gameinfo.txt
fixing up env_cubemap materials on brush sides...
0...1...2...3...4...5...6...7...8...9...100...1...2...3...4...5...6...7...8...9...10Processing areas...done (0)
Building Faces...done (0)
FixTjuncs...
PruneNodes...
WriteBSP...
done (0)
writing C:\Users\Jacek\Documents\GitHub\slavblock\map\rp_eastblock.prt...Building visibility clusters...
done (0)
Creating default LDR cubemaps for env_cubemap using skybox materials:
   skybox/sky_day01_01*.vmt
 ! Run buildcubemaps in the engine to get the correct cube maps.
Creating default HDR cubemaps for env_cubemap using skybox materials:
   skybox/sky_day01_01*.vmt
 ! Run buildcubemaps in the engine to get the correct cube maps.
Finding displacement neighbors...
Finding lightmap sample positions...
Displacement Alpha : 0...1...2...3...4...5...6...7...8...9...10
Building Physics collision data...
done (0) (10468 bytes)
Placing detail props : 0...1...2...3...4...5...6...7...8...9...10
Compacting texture/material tables...
Reduced 53 texinfos to 40
Reduced 9 texdatas to 8 (221 bytes to 170)
Writing C:\Users\Jacek\Documents\GitHub\slavblock\map\rp_eastblock.bsp
0 seconds elapsed



4 threads
reading c:\users\jacek\documents\github\slavblock\map\rp_eastblock.bsp
reading c:\users\jacek\documents\github\slavblock\map\rp_eastblock.prt
  98 portalclusters
 280 numportals
0...1...2...3...4...5...6...7...8...9...100...1...2...3...4...5...6...7...8...9...10Optimized: 8 visible clusters (0.09%)
Total clusters visible: 8544
Average clusters visible: 87
Building PAS...
Average clusters audible: 98
visdatasize:3346  compressed from 3136
writing c:\users\jacek\documents\github\slavblock\map\rp_eastblock.bsp
0 seconds elapsed



[Reading texlights from 'lights.rad']
[45 texlights parsed from 'lights.rad']

Loading c:\users\jacek\documents\github\slavblock\map\rp_eastblock.bsp
406 faces
567508 square feet [81721160.00 square inches]
0 Displacements
0 Square Feet [0.00 Square Inches]
406 patches before subdivision
20866 patches after subdivision
0 direct lights
0...1...2...3...4...5...6...7...8...9...100...1...2...3...4...5...6...7...8...9...10transfers 914468, max 262
transfer lists:   7.0 megs
0...1...2...3...4...5...6...7...8...9...10	Bounce #1 added RGB(0, 0, 0)
Build Patch/Sample Hash Table(s).....Done<0.0053 sec>
0...1...2...3...4...5...6...7...8...9...10FinalLightFace Done
0 of 0 (0% of) surface lights went in leaf ambient cubes.
0...1...2...3...4...5...6...7...8...9...10Writing leaf ambient...done
Ready to Finish

Object names       Objects/Maxobjs  Memory / Maxmem  Fullness 
------------       ---------------  ---------------  -------- 
models                   1/1024           48/49152    ( 0.1%) 
brushes                 28/8192          336/98304    ( 0.3%) 
brushsides             171/65536        1368/524288   ( 0.3%) 
planes                 140/65536        2800/1310720  ( 0.2%) 
vertexes               603/65536        7236/786432   ( 0.9%) 
nodes                  252/65536        8064/2097152  ( 0.4%) 
texinfos                40/12288        2880/884736   ( 0.3%) 
texdata                  8/2048          256/65536    ( 0.4%) 
dispinfos                0/0               0/0        ( 0.0%) 
disp_verts               0/0               0/0        ( 0.0%) 
disp_tris                0/0               0/0        ( 0.0%) 
disp_lmsamples           0/0               0/0        ( 0.0%) 
faces                  406/65536       22736/3670016  ( 0.6%) 
hdr faces                0/65536           0/3670016  ( 0.0%) 
origfaces               77/65536        4312/3670016  ( 0.1%) 
leaves                 254/65536        8128/2097152  ( 0.4%) 
leaffaces              459/65536         918/131072   ( 0.7%) 
leafbrushes            203/65536         406/131072   ( 0.3%) 
areas                    2/256            16/2048     ( 0.8%) 
surfedges             2150/512000       8600/2048000  ( 0.4%) 
edges                 1145/256000       4580/1024000  ( 0.4%) 
LDR worldlights          0/8192            0/720896   ( 0.0%) 
HDR worldlights          0/8192            0/720896   ( 0.0%) 
leafwaterdata            0/32768           0/393216   ( 0.0%) 
waterstrips             28/32768         280/327680   ( 0.1%) 
waterverts               0/65536           0/786432   ( 0.0%) 
waterindices           378/65536         756/131072   ( 0.6%) 
cubemapsamples           0/1024            0/16384    ( 0.0%) 
overlays                 0/512             0/180224   ( 0.0%) 
LDR lightdata         [variable]      935296/0        ( 0.0%) 
HDR lightdata         [variable]           0/0        ( 0.0%) 
visdata               [variable]        3346/16777216 ( 0.0%) 
entdata               [variable]       11168/393216   ( 2.8%) 
LDR ambient table      254/65536        1016/262144   ( 0.4%) 
HDR ambient table      254/65536        1016/262144   ( 0.4%) 
LDR leaf ambient        98/65536        2744/1835008  ( 0.1%) 
HDR leaf ambient       254/65536        7112/1835008  ( 0.4%) 
occluders                0/0               0/0        ( 0.0%) 
occluder polygons        0/0               0/0        ( 0.0%) 
occluder vert ind        0/0               0/0        ( 0.0%) 
detail props          [variable]           1/12       ( 8.3%) 
static props          [variable]           1/12       ( 8.3%) 
pakfile               [variable]      211608/0        ( 0.0%) 
physics               [variable]       10468/4194304  ( 0.2%) 
physics terrain       [variable]           2/1048576  ( 0.0%) 

Level flags = 0

Total triangle count: 1030
Writing c:\users\jacek\documents\github\slavblock\map\rp_eastblock.bsp
1 second elapsed
