PRT1
98
280
4 0 2 (2011.570068 1024 32 ) (2011.570068 1024 1918.449951 ) (1024 1024 1918.449951 ) (1024 1024 32 ) 
4 0 1 (1024 1024 32 ) (1024 1024 1918.449951 ) (1024 1504.489990 1918.449951 ) (1024 1504.489990 32 ) 
4 1 37 (0 1024 32 ) (0 1024 1918.449951 ) (0 1504.489990 1918.449951 ) (0 1504.489990 32 ) 
4 1 3 (0 1024 1918.449951 ) (0 1024 48 ) (1024 1024 48 ) (1024 1024 1918.449951 ) 
4 2 9 (2011.570068 0 32 ) (2011.570068 0 1918.449951 ) (1024 0 1918.449951 ) (1024 0 32 ) 
4 2 7 (1024 0 48 ) (1024 0 57 ) (1024 768 57 ) (1024 768 48 ) 
4 2 4 (1024 0 57 ) (1024 0 1918.449951 ) (1024 768 1918.449951 ) (1024 768 57 ) 
4 2 3 (1024 1024 1918.449951 ) (1024 1024 48 ) (1024 768 48 ) (1024 768 1918.449951 ) 
4 3 42 (0 1024 56 ) (0 1024 48 ) (0 768 48 ) (0 768 56 ) 
4 3 40 (0 1024 896 ) (0 1024 56 ) (0 768 56 ) (0 768 896 ) 
4 3 39 (0 1024 1918.449951 ) (0 1024 896 ) (0 768 896 ) (0 768 1918.449951 ) 
4 3 8 (768 768 57 ) (0 768 57 ) (0 768 56 ) (768 768 56 ) 
4 3 7 (1024 768 48 ) (1024 768 57 ) (768 768 57 ) (768 768 48 ) 
4 3 5 (640 768 1918.449951 ) (0 768 1918.449951 ) (0 768 57 ) (640 768 57 ) 
4 3 4 (1024 768 57 ) (1024 768 1918.449951 ) (640 768 1918.449951 ) (640 768 57 ) 
4 4 11 (1024 0 57 ) (1024 0 896 ) (640 0 896 ) (640 0 57 ) 
4 4 10 (1024 0 896 ) (1024 0 1918.449951 ) (640 0 1918.449951 ) (640 0 896 ) 
4 4 8 (640 768 57 ) (768 768 57 ) (768 0 57 ) (640 0 57 ) 
4 4 7 (768 768 57 ) (1024 768 57 ) (1024 0 57 ) (768 0 57 ) 
4 4 6 (640 0 896 ) (640 0 1918.449951 ) (640 384 1918.449951 ) (640 384 896 ) 
4 4 5 (640 768 57 ) (640 384 57 ) (640 384 1918.449951 ) (640 768 1918.449951 ) 
4 5 40 (0 768 896 ) (0 768 57 ) (0 384 57 ) (0 384 896 ) 
4 5 39 (0 384 1918.449951 ) (0 768 1918.449951 ) (0 768 896 ) (0 384 896 ) 
4 5 8 (0 384 57 ) (0 768 57 ) (640 768 57 ) (640 384 57 ) 
4 5 6 (640 384 896 ) (640 384 1918.449951 ) (0 384 1918.449951 ) (0 384 896 ) 
4 6 39 (0 0 896 ) (0 0 1918.449951 ) (0 384 1918.449951 ) (0 384 896 ) 
4 6 10 (640 0 1918.449951 ) (0 0 1918.449951 ) (0 0 896 ) (640 0 896 ) 
4 7 19 (1024 0 48 ) (1024 0 56 ) (768 0 56 ) (768 0 48 ) 
4 7 11 (1024 0 56 ) (1024 0 57 ) (768 0 57 ) (768 0 56 ) 
4 7 8 (768 0 57 ) (768 768 57 ) (768 768 56 ) (768 0 56 ) 
4 8 41 (0 0 56 ) (0 0 57 ) (0 384 57 ) (0 384 56 ) 
4 8 40 (0 384 57 ) (0 768 57 ) (0 768 56 ) (0 384 56 ) 
4 8 12 (640 0 57 ) (0 0 57 ) (0 0 56 ) (640 0 56 ) 
4 8 11 (768 0 57 ) (640 0 57 ) (640 0 56 ) (768 0 56 ) 
4 9 23 (2011.570068 -1024 32 ) (2011.570068 -1024 288 ) (1152 -1024 288 ) (1152 -1024 32 ) 
4 9 24 (1152 -1024 288 ) (1024 -1024 288 ) (1024 -1024 32 ) (1152 -1024 32 ) 
4 9 20 (2011.570068 -1024 288 ) (2011.570068 -1024 1918.449951 ) (1152 -1024 1918.449951 ) (1152 -1024 288 ) 
4 9 22 (1152 -1024 1918.449951 ) (1024 -1024 1918.449951 ) (1024 -1024 288 ) (1152 -1024 288 ) 
4 9 19 (1024 -1024 48 ) (1024 -1024 56 ) (1024 0 56 ) (1024 0 48 ) 
4 9 17 (1024 -1024 56 ) (1024 -1024 64 ) (1024 -768 64 ) (1024 -768 56 ) 
4 9 16 (1024 -1024 64 ) (1024 -1024 1918.449951 ) (1024 -768 1918.449951 ) (1024 -768 64 ) 
4 9 14 (1024 -656 56 ) (1024 -768 56 ) (1024 -768 896 ) (1024 -656 896 ) 
4 9 11 (1024 0 896 ) (1024 0 56 ) (1024 -656 56 ) (1024 -656 896 ) 
4 9 10 (1024 -768 1918.449951 ) (1024 0 1918.449951 ) (1024 0 896 ) (1024 -768 896 ) 
4 10 53 (0 0 1918.449951 ) (0 0 896 ) (0 -384 896 ) (0 -384 1918.449951 ) 
4 10 54 (0 -384 896 ) (0 -768 896 ) (0 -768 1918.449951 ) (0 -384 1918.449951 ) 
4 10 16 (1024 -768 896 ) (1024 -768 1918.449951 ) (0 -768 1918.449951 ) (0 -768 896 ) 
4 10 15 (768 -768 896 ) (0 -768 896 ) (0 -656 896 ) (768 -656 896 ) 
4 10 14 (1024 -768 896 ) (768 -768 896 ) (768 -656 896 ) (1024 -656 896 ) 
4 10 13 (0 -656 896 ) (0 -384 896 ) (640 -384 896 ) (640 -656 896 ) 
4 10 11 (640 0 896 ) (1024 0 896 ) (1024 -656 896 ) (640 -656 896 ) 
4 11 19 (768 0 56 ) (1024 0 56 ) (1024 -656 56 ) (768 -656 56 ) 
4 11 15 (768 -656 64 ) (768 -656 896 ) (640 -656 896 ) (640 -656 64 ) 
4 11 14 (768 -656 56 ) (1024 -656 56 ) (1024 -656 896 ) (768 -656 896 ) 
4 11 12 (640 0 56 ) (640 -384 56 ) (640 -384 57 ) (640 0 57 ) 
4 11 13 (640 -384 56 ) (640 -656 56 ) (640 -656 896 ) (640 -384 896 ) 
4 12 55 (0 0 57 ) (0 0 56 ) (0 -384 56 ) (0 -384 57 ) 
4 12 13 (0 -384 56 ) (640 -384 56 ) (640 -384 57 ) (0 -384 57 ) 
4 13 56 (0 -384 56 ) (0 -656 56 ) (0 -656 64 ) (0 -384 64 ) 
4 13 54 (0 -656 64 ) (0 -656 896 ) (0 -384 896 ) (0 -384 64 ) 
4 13 15 (640 -656 64 ) (640 -656 896 ) (0 -656 896 ) (0 -656 64 ) 
4 14 19 (1024 -656 56 ) (1024 -768 56 ) (768 -768 56 ) (768 -656 56 ) 
4 14 17 (768 -768 56 ) (1024 -768 56 ) (1024 -768 64 ) (768 -768 64 ) 
4 14 16 (1024 -768 64 ) (1024 -768 896 ) (768 -768 896 ) (768 -768 64 ) 
4 14 15 (768 -656 896 ) (768 -656 64 ) (768 -768 64 ) (768 -768 896 ) 
4 15 54 (0 -768 64 ) (0 -768 896 ) (0 -656 896 ) (0 -656 64 ) 
4 15 16 (768 -768 64 ) (768 -768 896 ) (0 -768 896 ) (0 -768 64 ) 
4 16 54 (0 -1024 64 ) (0 -1024 1918.449951 ) (0 -768 1918.449951 ) (0 -768 64 ) 
4 16 29 (256 -1024 64 ) (368 -1024 64 ) (368 -1024 1918.449951 ) (256 -1024 1918.449951 ) 
4 16 28 (368 -1024 64 ) (768 -1024 64 ) (768 -1024 1918.449951 ) (368 -1024 1918.449951 ) 
4 16 30 (0 -1024 1918.449951 ) (0 -1024 64 ) (256 -1024 64 ) (256 -1024 1918.449951 ) 
4 16 27 (768 -1024 64 ) (1024 -1024 64 ) (1024 -1024 1918.449951 ) (768 -1024 1918.449951 ) 
4 16 17 (368 -768 64 ) (1024 -768 64 ) (1024 -1024 64 ) (368 -1024 64 ) 
4 16 18 (0 -768 64 ) (256 -768 64 ) (256 -1024 64 ) (0 -1024 64 ) 
4 17 28 (368 -1024 56 ) (768 -1024 56 ) (768 -1024 64 ) (368 -1024 64 ) 
4 17 27 (768 -1024 56 ) (1024 -1024 56 ) (1024 -1024 64 ) (768 -1024 64 ) 
4 17 19 (1024 -768 56 ) (1024 -1024 56 ) (768 -1024 56 ) (768 -768 56 ) 
4 18 59 (0 -1024 56 ) (0 -1024 64 ) (0 -768 64 ) (0 -768 56 ) 
4 18 30 (0 -1024 64 ) (0 -1024 56 ) (256 -1024 56 ) (256 -1024 64 ) 
4 19 27 (1024 -1024 48 ) (1024 -1024 56 ) (768 -1024 56 ) (768 -1024 48 ) 
4 20 23 (1152 -1024 288 ) (2011.570068 -1024 288 ) (2011.570068 -1504 288 ) (1152 -1504 288 ) 
4 20 21 (1152 -1504 1918.449951 ) (1152 -1504 304 ) (2011.570068 -1504 304 ) (2011.570068 -1504 1918.449951 ) 
4 20 22 (1152 -1024 288 ) (1152 -1504 288 ) (1152 -1504 1918.449951 ) (1152 -1024 1918.449951 ) 
4 21 35 (2011.570068 -2048 304 ) (2011.570068 -2048 1918.449951 ) (1152 -2048 1918.449951 ) (1152 -2048 304 ) 
4 21 22 (1152 -2048 304 ) (1152 -2048 1918.449951 ) (1152 -1504 1918.449951 ) (1152 -1504 304 ) 
4 22 35 (1152 -2048 1918.449951 ) (1024 -2048 1918.449951 ) (1024 -2048 288 ) (1152 -2048 288 ) 
4 22 33 (1024 -1520 288 ) (1024 -2048 288 ) (1024 -2048 1918.449951 ) (1024 -1520 1918.449951 ) 
4 22 27 (1024 -1024 1918.449951 ) (1024 -1024 288 ) (1024 -1520 288 ) (1024 -1520 1918.449951 ) 
4 22 26 (1152 -2032 288 ) (1152 -2048 288 ) (1024 -2048 288 ) (1024 -2032 288 ) 
4 22 25 (1152 -1520 288 ) (1152 -2032 288 ) (1024 -2032 288 ) (1024 -1520 288 ) 
4 22 24 (1024 -1024 288 ) (1152 -1024 288 ) (1152 -1520 288 ) (1024 -1520 288 ) 
4 23 24 (1152 -1024 32 ) (1152 -1504 32 ) (1152 -1504 288 ) (1152 -1024 288 ) 
4 24 27 (1024 -1024 288 ) (1024 -1024 48 ) (1024 -1520 48 ) (1024 -1520 288 ) 
4 24 25 (1152 -1520 48 ) (1152 -1520 288 ) (1024 -1520 288 ) (1024 -1520 48 ) 
4 25 33 (1024 -2032 48 ) (1024 -2032 288 ) (1024 -1520 288 ) (1024 -1520 48 ) 
4 25 26 (1152 -2032 288 ) (1024 -2032 288 ) (1024 -2032 48 ) (1152 -2032 48 ) 
4 26 35 (1152 -2048 288 ) (1024 -2048 288 ) (1024 -2048 32 ) (1152 -2048 32 ) 
4 26 34 (1024 -2032 32 ) (1024 -2048 32 ) (1024 -2048 48 ) (1024 -2032 48 ) 
4 26 33 (1024 -2048 48 ) (1024 -2048 288 ) (1024 -2032 288 ) (1024 -2032 48 ) 
4 27 33 (1024 -1520 48 ) (1024 -1520 1918.449951 ) (768 -1520 1918.449951 ) (768 -1520 48 ) 
4 27 32 (768 -1520 56 ) (768 -1520 1918.449951 ) (768 -1392 1918.449951 ) (768 -1392 56 ) 
4 27 31 (768 -1392 1918.449951 ) (768 -1280 1918.449951 ) (768 -1280 64 ) (768 -1392 64 ) 
4 27 28 (768 -1280 1918.449951 ) (768 -1024 1918.449951 ) (768 -1024 56 ) (768 -1280 56 ) 
4 28 31 (768 -1280 64 ) (768 -1280 1918.449951 ) (368 -1280 1918.449951 ) (368 -1280 64 ) 
4 28 29 (368 -1280 64 ) (368 -1280 1918.449951 ) (368 -1024 1918.449951 ) (368 -1024 64 ) 
4 29 31 (368 -1280 1918.449951 ) (256 -1280 1918.449951 ) (256 -1280 64 ) (368 -1280 64 ) 
4 29 30 (256 -1280 64 ) (256 -1280 1918.449951 ) (256 -1024 1918.449951 ) (256 -1024 64 ) 
4 30 72 (0 -1024 64 ) (0 -1024 56 ) (0 -1280 56 ) (0 -1280 64 ) 
4 30 70 (0 -1024 1918.449951 ) (0 -1024 64 ) (0 -1280 64 ) (0 -1280 1918.449951 ) 
4 30 31 (256 -1280 1918.449951 ) (0 -1280 1918.449951 ) (0 -1280 64 ) (256 -1280 64 ) 
4 31 74 (0 -1280 1918.449951 ) (0 -1280 64 ) (0 -1392 64 ) (0 -1392 1918.449951 ) 
4 31 32 (0 -1392 1918.449951 ) (0 -1392 64 ) (768 -1392 64 ) (768 -1392 1918.449951 ) 
4 32 75 (0 -1392 1918.449951 ) (0 -1392 56 ) (0 -1520 56 ) (0 -1520 1918.449951 ) 
4 32 33 (768 -1520 56 ) (768 -1520 1918.449951 ) (0 -1520 1918.449951 ) (0 -1520 56 ) 
4 33 76 (0 -2032 1918.449951 ) (0 -1520 1918.449951 ) (0 -1520 48 ) (0 -2032 48 ) 
4 33 77 (0 -2048 48 ) (0 -2048 1918.449951 ) (0 -2032 1918.449951 ) (0 -2032 48 ) 
4 33 36 (0 -2048 1918.449951 ) (0 -2048 48 ) (1024 -2048 48 ) (1024 -2048 1918.449951 ) 
4 33 34 (1024 -2032 48 ) (1024 -2048 48 ) (0 -2048 48 ) (0 -2032 48 ) 
4 34 77 (0 -2048 32 ) (0 -2048 48 ) (0 -2032 48 ) (0 -2032 32 ) 
4 34 36 (0 -2048 48 ) (0 -2048 32 ) (1024 -2048 32 ) (1024 -2048 48 ) 
4 35 36 (1024 -2048 1918.449951 ) (1024 -2048 32 ) (1024 -2528.489990 32 ) (1024 -2528.489990 1918.449951 ) 
4 36 95 (0 -2528.489990 32 ) (0 -2528.489990 1918.449951 ) (0 -2048 1918.449951 ) (0 -2048 32 ) 
4 37 42 (0 1024 48 ) (0 1024 56 ) (-1024 1024 56 ) (-1024 1024 48 ) 
4 37 40 (0 1024 56 ) (0 1024 896 ) (-1024 1024 896 ) (-1024 1024 56 ) 
4 37 39 (0 1024 896 ) (0 1024 1918.449951 ) (-1024 1024 1918.449951 ) (-1024 1024 896 ) 
4 37 38 (-1024 1024 32 ) (-1024 1024 1918.449951 ) (-1024 1504.489990 1918.449951 ) (-1024 1504.489990 32 ) 
4 38 51 (-2048 1024 32 ) (-2048 1024 1918.449951 ) (-2048 1504.489990 1918.449951 ) (-2048 1504.489990 32 ) 
4 38 44 (-2048 1024 48 ) (-2048 1024 32 ) (-1792 1024 32 ) (-1792 1024 48 ) 
4 38 43 (-2048 1024 1918.449951 ) (-2048 1024 48 ) (-1024 1024 48 ) (-1024 1024 1918.449951 ) 
4 39 53 (0 0 896 ) (0 0 1918.449951 ) (-1024 0 1918.449951 ) (-1024 0 896 ) 
4 39 46 (-1024 384 896 ) (-1024 0 896 ) (-1024 0 1918.449951 ) (-1024 384 1918.449951 ) 
4 39 45 (-1024 768 896 ) (-1024 384 896 ) (-1024 384 1918.449951 ) (-1024 768 1918.449951 ) 
4 39 43 (-1024 1024 1918.449951 ) (-1024 1024 896 ) (-1024 768 896 ) (-1024 768 1918.449951 ) 
4 39 40 (-1024 1024 896 ) (0 1024 896 ) (0 384 896 ) (-1024 384 896 ) 
4 40 48 (-1024 768 56 ) (-1024 384 56 ) (-1024 384 57 ) (-1024 768 57 ) 
4 40 45 (-1024 384 57 ) (-1024 384 896 ) (-1024 768 896 ) (-1024 768 57 ) 
4 40 43 (-1024 1024 896 ) (-1024 1024 56 ) (-1024 768 56 ) (-1024 768 896 ) 
4 40 42 (-1024 768 56 ) (-1024 1024 56 ) (0 1024 56 ) (0 768 56 ) 
4 40 41 (-1024 384 56 ) (0 384 56 ) (0 384 57 ) (-1024 384 57 ) 
4 41 55 (0 0 56 ) (0 0 57 ) (-1024 0 57 ) (-1024 0 56 ) 
4 41 48 (-1024 384 56 ) (-1024 0 56 ) (-1024 0 57 ) (-1024 384 57 ) 
4 42 43 (-1024 1024 56 ) (-1024 1024 48 ) (-1024 768 48 ) (-1024 768 56 ) 
4 43 52 (-2048 1024 1918.449951 ) (-2048 1024 48 ) (-2048 768 48 ) (-2048 768 1918.449951 ) 
4 43 49 (-1536 768 57 ) (-1792 768 57 ) (-1792 768 48 ) (-1536 768 48 ) 
4 43 50 (-1792 768 57 ) (-2048 768 57 ) (-2048 768 48 ) (-1792 768 48 ) 
4 43 48 (-1024 768 56 ) (-1024 768 57 ) (-1536 768 57 ) (-1536 768 56 ) 
4 43 45 (-1024 768 57 ) (-1024 768 1918.449951 ) (-1408 768 1918.449951 ) (-1408 768 57 ) 
4 43 47 (-1408 768 1918.449951 ) (-2048 768 1918.449951 ) (-2048 768 57 ) (-1408 768 57 ) 
4 43 44 (-1792 768 48 ) (-2048 768 48 ) (-2048 1024 48 ) (-1792 1024 48 ) 
4 44 52 (-2048 1024 48 ) (-2048 1024 32 ) (-2048 768 32 ) (-2048 768 48 ) 
4 44 50 (-2048 768 32 ) (-1792 768 32 ) (-1792 768 48 ) (-2048 768 48 ) 
4 45 48 (-1408 768 57 ) (-1024 768 57 ) (-1024 384 57 ) (-1408 384 57 ) 
4 45 46 (-1408 384 1918.449951 ) (-1408 384 896 ) (-1024 384 896 ) (-1024 384 1918.449951 ) 
4 45 47 (-1408 768 57 ) (-1408 384 57 ) (-1408 384 1918.449951 ) (-1408 768 1918.449951 ) 
4 46 60 (-1024 0 896 ) (-1024 0 1918.449951 ) (-1408 0 1918.449951 ) (-1408 0 896 ) 
4 46 47 (-1408 0 896 ) (-1408 0 1918.449951 ) (-1408 384 1918.449951 ) (-1408 384 896 ) 
4 47 68 (-1536 0 1918.449951 ) (-2048 0 1918.449951 ) (-2048 0 57 ) (-1536 0 57 ) 
4 47 63 (-1536 0 896 ) (-1536 0 57 ) (-1408 0 57 ) (-1408 0 896 ) 
4 47 60 (-1408 0 1918.449951 ) (-1536 0 1918.449951 ) (-1536 0 896 ) (-1408 0 896 ) 
4 47 52 (-2048 0 57 ) (-2048 0 1918.449951 ) (-2048 768 1918.449951 ) (-2048 768 57 ) 
4 47 49 (-1792 768 57 ) (-1536 768 57 ) (-1536 0 57 ) (-1792 0 57 ) 
4 47 50 (-2048 0 57 ) (-2048 768 57 ) (-1792 768 57 ) (-1792 0 57 ) 
4 47 48 (-1536 768 57 ) (-1408 768 57 ) (-1408 0 57 ) (-1536 0 57 ) 
4 48 61 (-1024 0 56 ) (-1024 0 57 ) (-1408 0 57 ) (-1408 0 56 ) 
4 48 63 (-1408 0 57 ) (-1536 0 57 ) (-1536 0 56 ) (-1408 0 56 ) 
4 48 49 (-1536 0 57 ) (-1536 768 57 ) (-1536 768 56 ) (-1536 0 56 ) 
4 49 68 (-1536 0 57 ) (-1792 0 57 ) (-1792 0 48 ) (-1536 0 48 ) 
4 49 50 (-1792 0 57 ) (-1792 768 57 ) (-1792 768 48 ) (-1792 0 48 ) 
4 50 69 (-2048 0 48 ) (-2048 0 32 ) (-1792 0 32 ) (-1792 0 48 ) 
4 50 68 (-1792 0 57 ) (-2048 0 57 ) (-2048 0 48 ) (-1792 0 48 ) 
4 50 52 (-2048 0 32 ) (-2048 0 57 ) (-2048 768 57 ) (-2048 768 32 ) 
4 51 52 (-2048 1024 32 ) (-2048 1024 1918.449951 ) (-2651.570068 1024 1918.449951 ) (-2651.570068 1024 32 ) 
4 52 90 (-2048 0 32 ) (-2048 0 1918.449951 ) (-2651.570068 0 1918.449951 ) (-2651.570068 0 32 ) 
4 53 60 (-1024 -384 1918.449951 ) (-1024 0 1918.449951 ) (-1024 0 896 ) (-1024 -384 896 ) 
4 53 54 (0 -384 896 ) (0 -384 1918.449951 ) (-1024 -384 1918.449951 ) (-1024 -384 896 ) 
4 54 70 (0 -1024 64 ) (0 -1024 1918.449951 ) (-1024 -1024 1918.449951 ) (-1024 -1024 64 ) 
4 54 65 (-1024 -1024 64 ) (-1024 -1024 896 ) (-1024 -768 896 ) (-1024 -768 64 ) 
4 54 64 (-1024 -768 896 ) (-1024 -656 896 ) (-1024 -656 64 ) (-1024 -768 64 ) 
4 54 62 (-1024 -656 896 ) (-1024 -384 896 ) (-1024 -384 64 ) (-1024 -656 64 ) 
4 54 60 (-1024 -1024 896 ) (-1024 -1024 1918.449951 ) (-1024 -384 1918.449951 ) (-1024 -384 896 ) 
4 54 59 (0 -1024 64 ) (-392 -1024 64 ) (-536 -768 64 ) (0 -768 64 ) 
5 54 58 (-1024 -832 64 ) (-1024 -768 64 ) (-664 -768 64 ) (-640 -810.666565 64 ) (-640 -832 64 ) 
3 54 57 (-520 -1024 64 ) (-640 -1024 64 ) (-640 -810.666565 64 ) 
4 54 56 (-1024 -656 64 ) (-1024 -384 64 ) (0 -384 64 ) (0 -656 64 ) 
4 55 61 (-1024 0 57 ) (-1024 0 56 ) (-1024 -384 56 ) (-1024 -384 57 ) 
4 55 56 (-1024 -384 56 ) (0 -384 56 ) (0 -384 57 ) (-1024 -384 57 ) 
4 56 62 (-1024 -656 64 ) (-1024 -384 64 ) (-1024 -384 56 ) (-1024 -656 56 ) 
4 57 71 (-520 -1024 64 ) (-640 -1024 64 ) (-640 -1024 56 ) (-520 -1024 56 ) 
4 57 58 (-640 -810.662109 64 ) (-640 -810.662109 56 ) (-640 -832 56 ) (-640 -832 64 ) 
4 58 66 (-1024 -832 64 ) (-1024 -768 64 ) (-1024 -768 56 ) (-1024 -832 56 ) 
4 59 72 (0 -1024 56 ) (0 -1024 64 ) (-392 -1024 64 ) (-392 -1024 56 ) 
4 60 78 (-1024 -1024 896 ) (-1024 -1024 1918.449951 ) (-1536 -1024 1918.449951 ) (-1536 -1024 896 ) 
4 60 68 (-1536 -1024 896 ) (-1536 -1024 1918.449951 ) (-1536 0 1918.449951 ) (-1536 0 896 ) 
4 60 65 (-1536 -1024 896 ) (-1536 -768 896 ) (-1024 -768 896 ) (-1024 -1024 896 ) 
4 60 64 (-1536 -768 896 ) (-1536 -656 896 ) (-1024 -656 896 ) (-1024 -768 896 ) 
4 60 62 (-1024 -384 896 ) (-1024 -656 896 ) (-1408 -656 896 ) (-1408 -384 896 ) 
4 60 63 (-1536 -656 896 ) (-1536 0 896 ) (-1408 0 896 ) (-1408 -656 896 ) 
4 61 62 (-1408 -384 57 ) (-1408 -384 56 ) (-1024 -384 56 ) (-1024 -384 57 ) 
4 61 63 (-1408 0 56 ) (-1408 -384 56 ) (-1408 -384 57 ) (-1408 0 57 ) 
4 62 64 (-1024 -656 64 ) (-1024 -656 896 ) (-1408 -656 896 ) (-1408 -656 64 ) 
4 62 63 (-1408 -384 56 ) (-1408 -656 56 ) (-1408 -656 896 ) (-1408 -384 896 ) 
4 63 68 (-1536 -656 896 ) (-1536 0 896 ) (-1536 0 56 ) (-1536 -656 56 ) 
4 63 64 (-1408 -656 64 ) (-1408 -656 896 ) (-1536 -656 896 ) (-1536 -656 64 ) 
4 64 68 (-1536 -768 64 ) (-1536 -768 896 ) (-1536 -656 896 ) (-1536 -656 64 ) 
4 64 65 (-1024 -768 896 ) (-1536 -768 896 ) (-1536 -768 64 ) (-1024 -768 64 ) 
4 65 81 (-1024 -1024 64 ) (-1024 -1024 288 ) (-1536 -1024 288 ) (-1536 -1024 64 ) 
4 65 78 (-1024 -1024 288 ) (-1024 -1024 896 ) (-1536 -1024 896 ) (-1536 -1024 288 ) 
4 65 68 (-1536 -1024 64 ) (-1536 -1024 896 ) (-1536 -768 896 ) (-1536 -768 64 ) 
4 65 67 (-1536 -1024 64 ) (-1536 -768 64 ) (-1272 -768 64 ) (-1272 -1024 64 ) 
4 65 66 (-1272 -768 64 ) (-1024 -768 64 ) (-1024 -832 64 ) (-1272 -832 64 ) 
4 66 67 (-1272 -832 64 ) (-1272 -768 64 ) (-1272 -768 56 ) (-1272 -832 56 ) 
4 67 83 (-1272 -1024 64 ) (-1536 -1024 64 ) (-1536 -1024 56 ) (-1272 -1024 56 ) 
4 67 68 (-1536 -1024 56 ) (-1536 -1024 64 ) (-1536 -768 64 ) (-1536 -768 56 ) 
4 68 90 (-2048 -1024 48 ) (-2048 -1024 1918.449951 ) (-2048 0 1918.449951 ) (-2048 0 48 ) 
4 68 87 (-2048 -1024 288 ) (-2048 -1024 48 ) (-1792 -1024 48 ) (-1792 -1024 288 ) 
4 68 86 (-1792 -1024 48 ) (-1536 -1024 48 ) (-1536 -1024 288 ) (-1792 -1024 288 ) 
4 68 79 (-2048 -1024 1918.449951 ) (-2048 -1024 288 ) (-1792 -1024 288 ) (-1792 -1024 1918.449951 ) 
4 68 78 (-1792 -1024 288 ) (-1536 -1024 288 ) (-1536 -1024 1918.449951 ) (-1792 -1024 1918.449951 ) 
4 68 69 (-2048 0 48 ) (-1792 0 48 ) (-1792 -1024 48 ) (-2048 -1024 48 ) 
4 69 90 (-2048 -1024 32 ) (-2048 -1024 48 ) (-2048 0 48 ) (-2048 0 32 ) 
4 69 87 (-2048 -1024 48 ) (-2048 -1024 32 ) (-1792 -1024 32 ) (-1792 -1024 48 ) 
4 70 81 (-1024 -1024 288 ) (-1024 -1024 64 ) (-1024 -1280 64 ) (-1024 -1280 288 ) 
4 70 78 (-1024 -1024 1918.449951 ) (-1024 -1024 288 ) (-1024 -1280 288 ) (-1024 -1280 1918.449951 ) 
4 70 74 (-1024 -1280 1918.449951 ) (-1024 -1280 64 ) (0 -1280 64 ) (0 -1280 1918.449951 ) 
4 70 73 (-640 -1280 64 ) (-1024 -1280 64 ) (-1024 -1200 64 ) (-640 -1200 64 ) 
4 70 72 (0 -1280 64 ) (-248 -1280 64 ) (-392 -1024 64 ) (0 -1024 64 ) 
4 70 71 (-376 -1280 64 ) (-640 -1280 64 ) (-640 -1024 64 ) (-520 -1024 64 ) 
4 71 73 (-640 -1200 56 ) (-640 -1280 56 ) (-640 -1280 64 ) (-640 -1200 64 ) 
4 73 82 (-1024 -1200 56 ) (-1024 -1280 56 ) (-1024 -1280 64 ) (-1024 -1200 64 ) 
4 74 84 (-1024 -1392 64 ) (-1024 -1392 288 ) (-1024 -1280 288 ) (-1024 -1280 64 ) 
4 74 78 (-1024 -1392 288 ) (-1024 -1392 1918.449951 ) (-1024 -1280 1918.449951 ) (-1024 -1280 288 ) 
4 74 75 (-1024 -1392 1918.449951 ) (-1024 -1392 64 ) (0 -1392 64 ) (0 -1392 1918.449951 ) 
4 75 85 (-1024 -1520 56 ) (-1024 -1520 288 ) (-1024 -1392 288 ) (-1024 -1392 56 ) 
4 75 78 (-1024 -1520 288 ) (-1024 -1520 1918.449951 ) (-1024 -1392 1918.449951 ) (-1024 -1392 288 ) 
4 75 76 (0 -1520 56 ) (0 -1520 1918.449951 ) (-1024 -1520 1918.449951 ) (-1024 -1520 56 ) 
4 76 88 (-1024 -2032 48 ) (-1024 -2032 288 ) (-1024 -1520 288 ) (-1024 -1520 48 ) 
4 76 78 (-1024 -2032 288 ) (-1024 -2032 1918.449951 ) (-1024 -1520 1918.449951 ) (-1024 -1520 288 ) 
4 76 77 (0 -2032 48 ) (0 -2032 1918.449951 ) (-1024 -2032 1918.449951 ) (-1024 -2032 48 ) 
4 77 95 (0 -2048 32 ) (0 -2048 1918.449951 ) (-1024 -2048 1918.449951 ) (-1024 -2048 32 ) 
4 77 89 (-1024 -2032 32 ) (-1024 -2048 32 ) (-1024 -2048 288 ) (-1024 -2032 288 ) 
4 77 78 (-1024 -2048 288 ) (-1024 -2048 1918.449951 ) (-1024 -2032 1918.449951 ) (-1024 -2032 288 ) 
4 78 96 (-1024 -2048 288 ) (-1024 -2048 1918.449951 ) (-1792 -2048 1918.449951 ) (-1792 -2048 288 ) 
4 78 89 (-1024 -2048 288 ) (-1792 -2048 288 ) (-1792 -2032 288 ) (-1024 -2032 288 ) 
4 78 88 (-1792 -2032 288 ) (-1792 -1520 288 ) (-1024 -1520 288 ) (-1024 -2032 288 ) 
4 78 86 (-1792 -1520 288 ) (-1792 -1024 288 ) (-1536 -1024 288 ) (-1536 -1520 288 ) 
4 78 85 (-1024 -1392 288 ) (-1024 -1520 288 ) (-1536 -1520 288 ) (-1536 -1392 288 ) 
4 78 84 (-1024 -1280 288 ) (-1024 -1392 288 ) (-1536 -1392 288 ) (-1536 -1280 288 ) 
4 78 81 (-1536 -1024 288 ) (-1024 -1024 288 ) (-1024 -1280 288 ) (-1536 -1280 288 ) 
4 78 80 (-1792 -2048 304 ) (-1792 -2048 1918.449951 ) (-1792 -1504 1918.449951 ) (-1792 -1504 304 ) 
4 78 79 (-1792 -1024 288 ) (-1792 -1504 288 ) (-1792 -1504 1918.449951 ) (-1792 -1024 1918.449951 ) 
4 79 92 (-2048 -1024 304 ) (-2048 -1024 288 ) (-2048 -1504 288 ) (-2048 -1504 304 ) 
4 79 91 (-2048 -1504 1918.449951 ) (-2048 -1024 1918.449951 ) (-2048 -1024 304 ) (-2048 -1504 304 ) 
4 79 87 (-2048 -1488 288 ) (-2048 -1024 288 ) (-1792 -1024 288 ) (-1792 -1488 288 ) 
4 79 80 (-1792 -1504 304 ) (-1792 -1504 1918.449951 ) (-2048 -1504 1918.449951 ) (-2048 -1504 304 ) 
4 80 96 (-1792 -2048 1918.449951 ) (-2048 -2048 1918.449951 ) (-2048 -2048 304 ) (-1792 -2048 304 ) 
4 80 91 (-2048 -2048 304 ) (-2048 -2048 1918.449951 ) (-2048 -1504 1918.449951 ) (-2048 -1504 304 ) 
4 81 86 (-1536 -1280 64 ) (-1536 -1280 288 ) (-1536 -1024 288 ) (-1536 -1024 64 ) 
4 81 84 (-1536 -1280 288 ) (-1536 -1280 64 ) (-1024 -1280 64 ) (-1024 -1280 288 ) 
4 81 83 (-1272 -1280 64 ) (-1536 -1280 64 ) (-1536 -1024 64 ) (-1272 -1024 64 ) 
4 81 82 (-1024 -1280 64 ) (-1272 -1280 64 ) (-1272 -1200 64 ) (-1024 -1200 64 ) 
4 82 83 (-1272 -1280 56 ) (-1272 -1280 64 ) (-1272 -1200 64 ) (-1272 -1200 56 ) 
4 83 86 (-1536 -1280 56 ) (-1536 -1280 64 ) (-1536 -1024 64 ) (-1536 -1024 56 ) 
4 84 86 (-1536 -1392 64 ) (-1536 -1392 288 ) (-1536 -1280 288 ) (-1536 -1280 64 ) 
4 84 85 (-1536 -1392 288 ) (-1536 -1392 64 ) (-1024 -1392 64 ) (-1024 -1392 288 ) 
4 85 88 (-1024 -1520 56 ) (-1024 -1520 288 ) (-1536 -1520 288 ) (-1536 -1520 56 ) 
4 85 86 (-1536 -1520 56 ) (-1536 -1520 288 ) (-1536 -1392 288 ) (-1536 -1392 56 ) 
4 86 88 (-1536 -1520 48 ) (-1536 -1520 288 ) (-1792 -1520 288 ) (-1792 -1520 48 ) 
4 86 87 (-1792 -1488 288 ) (-1792 -1024 288 ) (-1792 -1024 48 ) (-1792 -1173 48 ) 
4 87 93 (-2048 -1488 288 ) (-2048 -1024 288 ) (-2048 -1024 32 ) (-2048 -1152 32 ) 
4 88 94 (-2048 -2032 288 ) (-2048 -1520 288 ) (-2048 -1520 48 ) (-2048 -2032 48 ) 
4 88 89 (-1024 -2032 48 ) (-1024 -2032 288 ) (-1792 -2032 288 ) (-1792 -2032 48 ) 
4 89 96 (-1024 -2048 32 ) (-1024 -2048 288 ) (-1792 -2048 288 ) (-1792 -2048 32 ) 
4 90 93 (-2048 -1024 32 ) (-2048 -1024 288 ) (-2651.570068 -1024 288 ) (-2651.570068 -1024 32 ) 
4 90 92 (-2048 -1024 288 ) (-2048 -1024 304 ) (-2651.570068 -1024 304 ) (-2651.570068 -1024 288 ) 
4 90 91 (-2048 -1024 304 ) (-2048 -1024 1918.449951 ) (-2651.570068 -1024 1918.449951 ) (-2651.570068 -1024 304 ) 
4 91 97 (-2048 -2048 304 ) (-2048 -2048 1918.449951 ) (-2651.570068 -2048 1918.449951 ) (-2651.570068 -2048 304 ) 
4 91 92 (-2651.570068 -1504 304 ) (-2651.570068 -1024 304 ) (-2048 -1024 304 ) (-2048 -1504 304 ) 
4 92 93 (-2651.570068 -1488 288 ) (-2651.570068 -1024 288 ) (-2048 -1024 288 ) (-2048 -1488 288 ) 
4 95 96 (-1024 -2048 1918.449951 ) (-1024 -2048 32 ) (-1024 -2528.489990 32 ) (-1024 -2528.489990 1918.449951 ) 
4 96 97 (-2048 -2048 1918.449951 ) (-2048 -2048 32 ) (-2048 -2528.489990 32 ) (-2048 -2528.489990 1918.449951 ) 
